0 info it worked if it ends with ok
1 verbose cli [ 'node',
1 verbose cli   '/usr/local/bin/npm',
1 verbose cli   'install',
1 verbose cli   '--save-dev',
1 verbose cli   'handlebars' ]
2 info using npm@1.4.28
3 info using node@v0.10.32
4 warn package.json web-boilerplate@0.1.0 No repository field.
5 warn package.json web-boilerplate@0.1.0 No README data
6 warn package.json path@0.4.9 path is also the name of a node core module.
7 verbose readDependencies using package.json deps
8 verbose cache add [ 'handlebars', null ]
9 verbose cache add name=undefined spec="handlebars" args=["handlebars",null]
10 verbose parsed url { protocol: null,
10 verbose parsed url   slashes: null,
10 verbose parsed url   auth: null,
10 verbose parsed url   host: null,
10 verbose parsed url   port: null,
10 verbose parsed url   hostname: null,
10 verbose parsed url   hash: null,
10 verbose parsed url   search: null,
10 verbose parsed url   query: null,
10 verbose parsed url   pathname: 'handlebars',
10 verbose parsed url   path: 'handlebars',
10 verbose parsed url   href: 'handlebars' }
11 silly lockFile 9566e355-handlebars handlebars
12 verbose lock handlebars /Users/vkevinruss/.npm/9566e355-handlebars.lock
13 silly lockFile 9566e355-handlebars handlebars
14 silly lockFile 9566e355-handlebars handlebars
15 verbose addNamed [ 'handlebars', '' ]
16 verbose addNamed [ null, '*' ]
17 silly lockFile 0ab5732f-handlebars handlebars@
18 verbose lock handlebars@ /Users/vkevinruss/.npm/0ab5732f-handlebars.lock
19 silly addNameRange { name: 'handlebars', range: '*', hasData: false }
20 verbose request where is /handlebars
21 verbose request registry https://registry.npmjs.org/
22 verbose request id fc5b0f22e87dd569
23 verbose url raw /handlebars
24 verbose url resolving [ 'https://registry.npmjs.org/', './handlebars' ]
25 verbose url resolved https://registry.npmjs.org/handlebars
26 verbose request where is https://registry.npmjs.org/handlebars
27 info trying registry request attempt 1 at 16:12:31
28 verbose etag "CYIU9HARZPZMRQ7JH1VKVWQP8"
29 http GET https://registry.npmjs.org/handlebars
30 http 304 https://registry.npmjs.org/handlebars
31 silly registry.get cb [ 304,
31 silly registry.get   { date: 'Mon, 13 Oct 2014 23:12:31 GMT',
31 silly registry.get     server: 'Apache',
31 silly registry.get     via: '1.1 varnish',
31 silly registry.get     'last-modified': 'Mon, 13 Oct 2014 23:12:22 GMT',
31 silly registry.get     'cache-control': 'max-age=60',
31 silly registry.get     etag: '"CYIU9HARZPZMRQ7JH1VKVWQP8"',
31 silly registry.get     age: '55',
31 silly registry.get     'x-served-by': 'cache-sjc3125-SJC',
31 silly registry.get     'x-cache': 'HIT',
31 silly registry.get     'x-cache-hits': '3',
31 silly registry.get     'x-timer': 'S1413241951.437015,VS0,VE0',
31 silly registry.get     vary: 'Accept',
31 silly registry.get     'content-length': '0',
31 silly registry.get     'keep-alive': 'timeout=10, max=50',
31 silly registry.get     connection: 'Keep-Alive' } ]
32 verbose etag https://registry.npmjs.org/handlebars from cache
33 silly addNameRange number 2 { name: 'handlebars', range: '*', hasData: true }
34 silly addNameRange versions [ 'handlebars',
34 silly addNameRange   [ '1.0.6',
34 silly addNameRange     '1.0.6-2',
34 silly addNameRange     '1.0.7',
34 silly addNameRange     '1.0.8',
34 silly addNameRange     '1.0.9',
34 silly addNameRange     '1.0.10',
34 silly addNameRange     '1.0.11',
34 silly addNameRange     '1.0.12',
34 silly addNameRange     '1.1.0',
34 silly addNameRange     '1.1.1',
34 silly addNameRange     '1.1.2',
34 silly addNameRange     '1.2.0',
34 silly addNameRange     '1.2.1',
34 silly addNameRange     '1.3.0',
34 silly addNameRange     '2.0.0-alpha.1',
34 silly addNameRange     '2.0.0-alpha.2',
34 silly addNameRange     '2.0.0-alpha.3',
34 silly addNameRange     '2.0.0-alpha.4',
34 silly addNameRange     '2.0.0-beta.1',
34 silly addNameRange     '2.0.0',
34 silly addNameRange     '1.0.2-beta',
34 silly addNameRange     '1.0.4-beta',
34 silly addNameRange     '1.0.5-beta' ] ]
35 verbose addNamed [ 'handlebars', '2.0.0' ]
36 verbose addNamed [ '2.0.0', '2.0.0' ]
37 silly lockFile a1e153af-handlebars-2-0-0 handlebars@2.0.0
38 verbose lock handlebars@2.0.0 /Users/vkevinruss/.npm/a1e153af-handlebars-2-0-0.lock
39 silly lockFile a1e153af-handlebars-2-0-0 handlebars@2.0.0
40 silly lockFile a1e153af-handlebars-2-0-0 handlebars@2.0.0
41 silly lockFile 0ab5732f-handlebars handlebars@
42 silly lockFile 0ab5732f-handlebars handlebars@
43 error Error: EACCES, open '/Users/vkevinruss/.npm/handlebars/2.0.0/package/package.json.2953'
43 error  { [Error: EACCES, open '/Users/vkevinruss/.npm/handlebars/2.0.0/package/package.json.2953']
43 error   errno: 3,
43 error   code: 'EACCES',
43 error   path: '/Users/vkevinruss/.npm/handlebars/2.0.0/package/package.json.2953',
43 error   parent: 'web-boilerplate' }
44 error Please try running this command again as root/Administrator.
45 error System Darwin 13.3.0
46 error command "node" "/usr/local/bin/npm" "install" "--save-dev" "handlebars"
47 error cwd /Users/vkevinruss/Documents/_Git/web-stack/mshell-boilerplate/app
48 error node -v v0.10.32
49 error npm -v 1.4.28
50 error path /Users/vkevinruss/.npm/handlebars/2.0.0/package/package.json.2953
51 error code EACCES
52 error errno 3
53 error stack Error: EACCES, open '/Users/vkevinruss/.npm/handlebars/2.0.0/package/package.json.2953'
54 verbose exit [ 3, true ]
